<?xml version="1.0" encoding="UTF-8"?>
<testng-results skipped="0" failed="1" ignored="0" total="2" passed="1">
  <reporter-output>
  </reporter-output>
  <suite name="Command line suite" duration-ms="39638" started-at="2018-06-27T19:11:53Z" finished-at="2018-06-27T19:12:32Z">
    <groups>
    </groups>
    <test name="Command line test" duration-ms="39638" started-at="2018-06-27T19:11:53Z" finished-at="2018-06-27T19:12:32Z">
      <class name="tests.LoginTest">
        <test-method status="PASS" signature="setup()[pri:0, instance:tests.LoginTest@1baeec3]" name="setup" is-config="true" duration-ms="39317" started-at="2018-06-27T19:11:53Z" finished-at="2018-06-27T19:12:32Z">
          <reporter-output>
          </reporter-output>
        </test-method> <!-- setup -->
        <test-method status="FAIL" signature="login()[pri:0, instance:tests.LoginTest@1baeec3]" name="login" duration-ms="297" started-at="2018-06-27T19:12:32Z" finished-at="2018-06-27T19:12:32Z">
          <exception class="java.lang.NullPointerException">
            <full-stacktrace>
              <![CDATA[java.lang.NullPointerException
at tests.LoginTest.login(LoginTest.java:45)
at sun.reflect.NativeMethodAccessorImpl.invoke0(Native Method)
at sun.reflect.NativeMethodAccessorImpl.invoke(Unknown Source)
at sun.reflect.DelegatingMethodAccessorImpl.invoke(Unknown Source)
at java.lang.reflect.Method.invoke(Unknown Source)
at org.testng.internal.MethodInvocationHelper.invokeMethod(MethodInvocationHelper.java:124)
at org.testng.internal.Invoker.invokeMethod(Invoker.java:583)
at org.testng.internal.Invoker.invokeTestMethod(Invoker.java:719)
at org.testng.internal.Invoker.invokeTestMethods(Invoker.java:989)
at org.testng.internal.TestMethodWorker.invokeTestMethods(TestMethodWorker.java:125)
at org.testng.internal.TestMethodWorker.run(TestMethodWorker.java:109)
at org.testng.TestRunner.privateRun(TestRunner.java:648)
at org.testng.TestRunner.run(TestRunner.java:505)
at org.testng.SuiteRunner.runTest(SuiteRunner.java:455)
at org.testng.SuiteRunner.runSequentially(SuiteRunner.java:450)
at org.testng.SuiteRunner.privateRun(SuiteRunner.java:415)
at org.testng.SuiteRunner.run(SuiteRunner.java:364)
at org.testng.SuiteRunnerWorker.runSuite(SuiteRunnerWorker.java:52)
at org.testng.SuiteRunnerWorker.run(SuiteRunnerWorker.java:84)
at org.testng.TestNG.runSuitesSequentially(TestNG.java:1208)
at org.testng.TestNG.runSuitesLocally(TestNG.java:1137)
at org.testng.TestNG.runSuites(TestNG.java:1049)
at org.testng.TestNG.run(TestNG.java:1017)
at org.apache.maven.surefire.testng.TestNGExecutor.run(TestNGExecutor.java:70)
at org.apache.maven.surefire.testng.TestNGDirectoryTestSuite.executeMulti(TestNGDirectoryTestSuite.java:158)
at org.apache.maven.surefire.testng.TestNGDirectoryTestSuite.execute(TestNGDirectoryTestSuite.java:98)
at org.apache.maven.surefire.testng.TestNGProvider.invoke(TestNGProvider.java:111)
at sun.reflect.NativeMethodAccessorImpl.invoke0(Native Method)
at sun.reflect.NativeMethodAccessorImpl.invoke(Unknown Source)
at sun.reflect.DelegatingMethodAccessorImpl.invoke(Unknown Source)
at java.lang.reflect.Method.invoke(Unknown Source)
at org.apache.maven.surefire.util.ReflectionUtils.invokeMethodWithArray(ReflectionUtils.java:164)
at org.apache.maven.surefire.booter.ProviderFactory$ProviderProxy.invoke(ProviderFactory.java:110)
at org.apache.maven.surefire.booter.SurefireStarter.invokeProvider(SurefireStarter.java:175)
at org.apache.maven.surefire.booter.SurefireStarter.runSuitesInProcessWhenForked(SurefireStarter.java:107)
at org.apache.maven.surefire.booter.ForkedBooter.main(ForkedBooter.java:68)
]]>
            </full-stacktrace>
          </exception> <!-- java.lang.NullPointerException -->
          <reporter-output>
          </reporter-output>
        </test-method> <!-- login -->
      </class> <!-- tests.LoginTest -->
      <class name="tests.NewTest">
        <test-method status="PASS" signature="f()[pri:0, instance:tests.NewTest@1914a39]" name="f" duration-ms="0" started-at="2018-06-27T19:12:32Z" finished-at="2018-06-27T19:12:32Z">
          <reporter-output>
          </reporter-output>
        </test-method> <!-- f -->
      </class> <!-- tests.NewTest -->
    </test> <!-- Command line test -->
  </suite> <!-- Command line suite -->
</testng-results>
