<?xml version="1.0" encoding="UTF-8"?>
<!-- Generated by org.testng.reporters.JUnitXMLReporter -->
<testsuite hostname="user" ignored="0" name="Command line test" tests="2" failures="1" timestamp="27 Jun 2018 19:12:32 GMT" time="39.638" errors="0">
  <testcase name="login" time="0.297" classname="tests.LoginTest">
    <failure type="java.lang.NullPointerException">
      <![CDATA[java.lang.NullPointerException
at tests.LoginTest.login(LoginTest.java:45)
... Removed 35 stack frames]]>
    </failure>
  </testcase> <!-- login -->
  <testcase name="f" time="0.0" classname="tests.NewTest"/>
</testsuite> <!-- Command line test -->
